2019-06-28 12:33:58,916 INFO 载入数据......
2019-06-28 12:33:58,981 DEBUG 载入完成,准备生成字典对象和统计文本数据...
2019-06-28 12:33:59,014 INFO 共有15110个文档
2019-06-28 12:33:59,027 INFO 词与序号对应关系已保存到E:\Documents\Project\Weibo-Analyst\step5_LDA\data\tmp\wordidmap.dat
2019-06-28 12:55:12,398 INFO 迭代完成。
2019-06-28 12:55:12,428 DEBUG 计算文章-主题分布
2019-06-28 12:55:12,495 DEBUG 计算词-主题分布
2019-06-28 12:55:12,496 DEBUG 保存模型
2019-06-28 12:55:12,496 INFO 文章-主题分布已保存到E:\Documents\Project\Weibo-Analyst\step5_LDA\data\tmp\model_theta.dat
2019-06-28 12:55:12,863 INFO 词-主题分布已保存到E:\Documents\Project\Weibo-Analyst\step5_LDA\data\tmp\model_phi.dat
2019-06-28 12:55:13,023 INFO 参数设置已保存到E:\Documents\Project\Weibo-Analyst\step5_LDA\data\tmp\model_parameter.dat
2019-06-28 12:55:13,053 INFO 主题topN词已保存到E:\Documents\Project\Weibo-Analyst\step5_LDA\data\tmp\model_twords.dat
2019-06-28 12:55:13,631 INFO 文章-词-主题分派结果已保存到E:\Documents\Project\Weibo-Analyst\step5_LDA\data\tmp\model_tassign.dat
2019-06-28 12:55:13,777 INFO 模型训练完成。
2019-06-28 14:33:28,120 INFO 载入数据......
2019-06-28 14:33:28,203 DEBUG 载入完成,准备生成字典对象和统计文本数据...
2019-06-28 14:33:28,208 INFO 共有39个文档
2019-06-28 14:33:28,212 INFO 词与序号对应关系已保存到E:\Documents\Project\Weibo-Analyst\step5_LDA\data\tmp\wordidmap.dat
2019-06-28 14:33:31,512 INFO 迭代完成。
2019-06-28 14:33:31,513 DEBUG 计算文章-主题分布
2019-06-28 14:33:31,513 DEBUG 计算词-主题分布
2019-06-28 14:33:31,513 DEBUG 保存模型
2019-06-28 14:33:31,513 INFO 文章-主题分布已保存到E:\Documents\Project\Weibo-Analyst\step5_LDA\data\tmp\model_theta.dat
2019-06-28 14:33:31,522 INFO 词-主题分布已保存到E:\Documents\Project\Weibo-Analyst\step5_LDA\data\tmp\model_phi.dat
2019-06-28 14:33:31,527 INFO 参数设置已保存到E:\Documents\Project\Weibo-Analyst\step5_LDA\data\tmp\model_parameter.dat
2019-06-28 14:33:31,529 INFO 主题topN词已保存到E:\Documents\Project\Weibo-Analyst\step5_LDA\data\tmp\model_twords.dat
2019-06-28 14:33:31,535 INFO 文章-词-主题分派结果已保存到E:\Documents\Project\Weibo-Analyst\step5_LDA\data\tmp\model_tassign.dat
2019-06-28 14:33:31,539 INFO 模型训练完成。
